<?xml version="1.0" encoding="UTF-8" ?>
<testsuite errors="1" failures="0" hostname="iMacdewolkowicz" name="bataillenavale.view.JLabelBateau$1" skipped="0" tests="1" time="0.0" timestamp="2017-05-02T19:40:28">
  <properties>
    <property name="java.vendor" value="Oracle Corporation" />
    <property name="sun.java.launcher" value="SUN_STANDARD" />
    <property name="sun.management.compiler" value="HotSpot 64-Bit Tiered Compilers" />
    <property name="os.name" value="Mac OS X" />
    <property name="sun.boot.class.path" value="/Library/Java/JavaVirtualMachines/jdk1.8.0_65.jdk/Contents/Home/jre/lib/resources.jar:/Library/Java/JavaVirtualMachines/jdk1.8.0_65.jdk/Contents/Home/jre/lib/rt.jar:/Library/Java/JavaVirtualMachines/jdk1.8.0_65.jdk/Contents/Home/jre/lib/sunrsasign.jar:/Library/Java/JavaVirtualMachines/jdk1.8.0_65.jdk/Contents/Home/jre/lib/jsse.jar:/Library/Java/JavaVirtualMachines/jdk1.8.0_65.jdk/Contents/Home/jre/lib/jce.jar:/Library/Java/JavaVirtualMachines/jdk1.8.0_65.jdk/Contents/Home/jre/lib/charsets.jar:/Library/Java/JavaVirtualMachines/jdk1.8.0_65.jdk/Contents/Home/jre/lib/jfr.jar:/Library/Java/JavaVirtualMachines/jdk1.8.0_65.jdk/Contents/Home/jre/classes" />
    <property name="compiler.args" value="" />
    <property name="java.vm.specification.vendor" value="Oracle Corporation" />
    <property name="ant.home" value="/Users/wolkowicz/ant" />
    <property name="java.runtime.version" value="1.8.0_65-b17" />
    <property name="compiler.args.bataillenavale" value="-encoding UTF-8 -source 8 -target 8 " />
    <property name="user.name" value="wolkowicz" />
    <property name="ant.file.type.Script ant pour le projet Bataille Navalle TEAM_CAD9" value="file" />
    <property name="user.language" value="fr" />
    <property name="sun.boot.library.path" value="/Library/Java/JavaVirtualMachines/jdk1.8.0_65.jdk/Contents/Home/jre/lib" />
    <property name="ant.project.default-target" value="final.clean" />
    <property name="ant.project.name" value="Script ant pour le projet Bataille Navalle TEAM_CAD9" />
    <property name="java.version" value="1.8.0_65" />
    <property name="user.timezone" value="" />
    <property name="sun.arch.data.model" value="64" />
    <property name="http.nonProxyHosts" value="local|*.local|169.254/16|*.169.254/16" />
    <property name="java.endorsed.dirs" value="/Library/Java/JavaVirtualMachines/jdk1.8.0_65.jdk/Contents/Home/jre/lib/endorsed" />
    <property name="sun.cpu.isalist" value="" />
    <property name="sun.jnu.encoding" value="UTF-8" />
    <property name="file.encoding.pkg" value="sun.io" />
    <property name="file.separator" value="/" />
    <property name="java.specification.name" value="Java Platform API Specification" />
    <property name="java.class.version" value="52.0" />
    <property name="user.country" value="FR" />
    <property name="java.home" value="/Library/Java/JavaVirtualMachines/jdk1.8.0_65.jdk/Contents/Home/jre" />
    <property name="java.vm.info" value="mixed mode" />
    <property name="ant.file" value="/Volumes/Dune/workspace_Eclipse/CAD-Team9/build.xml" />
    <property name="os.version" value="10.11.1" />
    <property name="bataillenavale.output.dir" value="/Volumes/Dune/workspace_Eclipse/CAD-Team9/out/production/BatailleNavale" />
    <property name="path.separator" value=":" />
    <property name="java.vm.version" value="25.65-b01" />
    <property name="ant.library.dir" value="/Users/wolkowicz/ant/lib" />
    <property name="bataillenavale.testoutput.dir" value="/Volumes/Dune/workspace_Eclipse/CAD-Team9/out/test/BatailleNavale" />
    <property name="java.awt.printerjob" value="sun.lwawt.macosx.CPrinterJob" />
    <property name="sun.io.unicode.encoding" value="UnicodeBig" />
    <property name="awt.toolkit" value="sun.lwawt.macosx.LWCToolkit" />
    <property name="socksNonProxyHosts" value="local|*.local|169.254/16|*.169.254/16" />
    <property name="ftp.nonProxyHosts" value="local|*.local|169.254/16|*.169.254/16" />
    <property name="user.home" value="/Users/wolkowicz" />
    <property name="java.specification.vendor" value="Oracle Corporation" />
    <property name="java.library.path" value="/Users/wolkowicz/Library/Java/Extensions:/Library/Java/Extensions:/Network/Library/Java/Extensions:/System/Library/Java/Extensions:/usr/lib/java:." />
    <property name="java.vendor.url" value="http://java.oracle.com/" />
    <property name="java.vm.vendor" value="Oracle Corporation" />
    <property name="gopherProxySet" value="false" />
    <property name="java.runtime.name" value="Java(TM) SE Runtime Environment" />
    <property name="sun.java.command" value="org.apache.tools.ant.launch.Launcher -cp  -buildfile build.xml" />
    <property name="java.class.path" value="/Users/wolkowicz/ant/lib/ant-launcher.jar:/Users/wolkowicz/ant/lib/ant-antlr.jar:/Users/wolkowicz/ant/lib/ant-apache-bcel.jar:/Users/wolkowicz/ant/lib/ant-apache-bsf.jar:/Users/wolkowicz/ant/lib/ant-apache-log4j.jar:/Users/wolkowicz/ant/lib/ant-apache-oro.jar:/Users/wolkowicz/ant/lib/ant-apache-regexp.jar:/Users/wolkowicz/ant/lib/ant-apache-resolver.jar:/Users/wolkowicz/ant/lib/ant-apache-xalan2.jar:/Users/wolkowicz/ant/lib/ant-commons-logging.jar:/Users/wolkowicz/ant/lib/ant-commons-net.jar:/Users/wolkowicz/ant/lib/ant-jai.jar:/Users/wolkowicz/ant/lib/ant-javamail.jar:/Users/wolkowicz/ant/lib/ant-jdepend.jar:/Users/wolkowicz/ant/lib/ant-jmf.jar:/Users/wolkowicz/ant/lib/ant-jsch.jar:/Users/wolkowicz/ant/lib/ant-junit.jar:/Users/wolkowicz/ant/lib/ant-junit4.jar:/Users/wolkowicz/ant/lib/ant-launcher.jar:/Users/wolkowicz/ant/lib/ant-netrexx.jar:/Users/wolkowicz/ant/lib/ant-swing.jar:/Users/wolkowicz/ant/lib/ant-testutil.jar:/Users/wolkowicz/ant/lib/ant.jar:/Library/Java/JavaVirtualMachines/jdk1.8.0_65.jdk/Contents/Home/lib/tools.jar" />
    <property name="ant.version" value="Apache Ant(TM) version 1.9.7 compiled on April 9 2016" />
    <property name="java.vm.specification.name" value="Java Virtual Machine Specification" />
    <property name="module.bataillenavale.basedir" value="/Volumes/Dune/workspace_Eclipse/CAD-Team9" />
    <property name="ant.file.type" value="file" />
    <property name="java.vm.specification.version" value="1.8" />
    <property name="sun.cpu.endian" value="little" />
    <property name="sun.os.patch.level" value="unknown" />
    <property name="java.io.tmpdir" value="/var/folders/rw/xzz8253d2g54llkqcvzyb61r0000gn/T/" />
    <property name="java.vendor.url.bug" value="http://bugreport.sun.com/bugreport/" />
    <property name="os.arch" value="x86_64" />
    <property name="java.awt.graphicsenv" value="sun.awt.CGraphicsEnvironment" />
    <property name="bataillenavale.test.report" value="tests_report" />
    <property name="java.ext.dirs" value="/Users/wolkowicz/Library/Java/Extensions:/Library/Java/JavaVirtualMachines/jdk1.8.0_65.jdk/Contents/Home/jre/lib/ext:/Library/Java/Extensions:/Network/Library/Java/Extensions:/System/Library/Java/Extensions:/usr/lib/java" />
    <property name="user.dir" value="/Volumes/Dune/workspace_Eclipse/CAD-Team9" />
    <property name="line.separator" value="&#xa;" />
    <property name="java.vm.name" value="Java HotSpot(TM) 64-Bit Server VM" />
    <property name="basedir" value="/Volumes/Dune/workspace_Eclipse/CAD-Team9" />
    <property name="ant.java.version" value="1.8" />
    <property name="ant.core.lib" value="/Users/wolkowicz/ant/lib/ant.jar" />
    <property name="file.encoding" value="UTF-8" />
    <property name="java.specification.version" value="1.8" />
    <property name="ant.project.invoked-targets" value="final.clean" />
    <property name="ant.file.Script ant pour le projet Bataille Navalle TEAM_CAD9" value="/Volumes/Dune/workspace_Eclipse/CAD-Team9/build.xml" />
  </properties>
  <error message="bataillenavale.view.JLabelBateau$1" type="java.lang.ClassNotFoundException">java.lang.ClassNotFoundException: bataillenavale.view.JLabelBateau$1
	at java.lang.ClassLoader.loadClass(ClassLoader.java:357)
	at java.lang.Class.forName0(Native Method)
	at java.lang.Class.forName(Class.java:348)
</error>
  <system-out><![CDATA[]]></system-out>
  <system-err><![CDATA[]]></system-err>
</testsuite>
